<?xml version="1.0" encoding="UTF-8"?>
<!-- Generated by org.testng.reporters.JUnitReportReporter -->
<testsuite skipped="0" hostname="DESKTOP-U7UCK94" name="com.cybertek.tests.day6_testNg_intro_dropdowns.TestNG_Intro" tests="2" failures="0" timestamp="2021-05-28T21:12:03 PDT" time="0.031" errors="0">
  <testcase name="test1" time="0.031" classname="com.cybertek.tests.day6_testNg_intro_dropdowns.TestNG_Intro"/>
  <system-out/>
  <testcase name="test2" time="0.000" classname="com.cybertek.tests.day6_testNg_intro_dropdowns.TestNG_Intro"/>
  <system-out/>
</testsuite> <!-- com.cybertek.tests.day6_testNg_intro_dropdowns.TestNG_Intro -->
